[debug] [2025-03-23T23:29:59.543Z] ----------------------------------------------------------------------
[debug] [2025-03-23T23:29:59.546Z] Command:       C:\Program Files\nodejs\node.exe C:\Users\yaaar\AppData\Roaming\npm\node_modules\firebase-tools\lib\bin\firebase.js init
[debug] [2025-03-23T23:29:59.546Z] CLI Version:   13.35.1
[debug] [2025-03-23T23:29:59.547Z] Platform:      win32
[debug] [2025-03-23T23:29:59.547Z] Node Version:  v22.11.0
[debug] [2025-03-23T23:29:59.547Z] Time:          Mon Mar 24 2025 04:59:59 GMT+0530 (India Standard Time)
[debug] [2025-03-23T23:29:59.547Z] ----------------------------------------------------------------------
[debug] 
[debug] [2025-03-23T23:29:59.558Z] > command requires scopes: ["email","openid","https://www.googleapis.com/auth/cloudplatformprojects.readonly","https://www.googleapis.com/auth/firebase","https://www.googleapis.com/auth/cloud-platform"]
[debug] [2025-03-23T23:29:59.558Z] > authorizing via signed-in user (yaaryash34@gmail.com)
[info] 
     ######## #### ########  ######## ########     ###     ######  ########
     ##        ##  ##     ## ##       ##     ##  ##   ##  ##       ##
     ######    ##  ########  ######   ########  #########  ######  ######
     ##        ##  ##    ##  ##       ##     ## ##     ##       ## ##
     ##       #### ##     ## ######## ########  ##     ##  ######  ########

You're about to initialize a Firebase project in this directory:

  C:\Users\yaaar\taskbuddyy

[info] 
=== Project Setup
[info] 
[info] First, let's associate this project directory with a Firebase project.
[info] You can create multiple project aliases by running firebase use --add, 
[info] but for now we'll just set up a default project.
[info] 
[info] i  If you want to create a project in a Google Cloud organization or folder, please use "firebase projects:create" instead, and return to this command when you've created the project. 
[debug] [2025-03-23T23:30:34.681Z] Checked if tokens are valid: true, expires at: 1742775534789
[debug] [2025-03-23T23:30:34.681Z] Checked if tokens are valid: true, expires at: 1742775534789
[debug] [2025-03-23T23:30:34.682Z] >>> [apiv2][query] POST https://cloudresourcemanager.googleapis.com/v1/projects [none]
[debug] [2025-03-23T23:30:34.682Z] >>> [apiv2][body] POST https://cloudresourcemanager.googleapis.com/v1/projects {"projectId":"taskbuddy","name":"taskbuddy"}
[debug] [2025-03-23T23:30:36.251Z] <<< [apiv2][status] POST https://cloudresourcemanager.googleapis.com/v1/projects 409
[debug] [2025-03-23T23:30:36.251Z] <<< [apiv2][body] POST https://cloudresourcemanager.googleapis.com/v1/projects {"error":{"code":409,"message":"Requested entity already exists","status":"ALREADY_EXISTS"}}
[debug] [2025-03-23T23:30:36.813Z] FirebaseError: Request to https://cloudresourcemanager.googleapis.com/v1/projects had HTTP Error: 409, Requested entity already exists
    at responseToError (C:\Users\yaaar\AppData\Roaming\npm\node_modules\firebase-tools\lib\responseToError.js:52:12)
    at RetryOperation._fn (C:\Users\yaaar\AppData\Roaming\npm\node_modules\firebase-tools\lib\apiv2.js:312:77)
    at process.processTicksAndRejections (node:internal/process/task_queues:105:5)
[error] 
[error] Error: Failed to create project because there is already a project with ID taskbuddy. Please try again with a unique project ID.
[debug] [2025-03-23T23:30:50.111Z] ----------------------------------------------------------------------
[debug] [2025-03-23T23:30:50.115Z] Command:       C:\Program Files\nodejs\node.exe C:\Users\yaaar\AppData\Roaming\npm\node_modules\firebase-tools\lib\bin\firebase.js init
[debug] [2025-03-23T23:30:50.116Z] CLI Version:   13.35.1
[debug] [2025-03-23T23:30:50.116Z] Platform:      win32
[debug] [2025-03-23T23:30:50.116Z] Node Version:  v22.11.0
[debug] [2025-03-23T23:30:50.116Z] Time:          Mon Mar 24 2025 05:00:50 GMT+0530 (India Standard Time)
[debug] [2025-03-23T23:30:50.116Z] ----------------------------------------------------------------------
[debug] 
[debug] [2025-03-23T23:30:50.126Z] > command requires scopes: ["email","openid","https://www.googleapis.com/auth/cloudplatformprojects.readonly","https://www.googleapis.com/auth/firebase","https://www.googleapis.com/auth/cloud-platform"]
[debug] [2025-03-23T23:30:50.126Z] > authorizing via signed-in user (yaaryash34@gmail.com)
[info] 
     ######## #### ########  ######## ########     ###     ######  ########
     ##        ##  ##     ## ##       ##     ##  ##   ##  ##       ##
     ######    ##  ########  ######   ########  #########  ######  ######
     ##        ##  ##    ##  ##       ##     ## ##     ##       ## ##
     ##       #### ##     ## ######## ########  ##     ##  ######  ########

You're about to initialize a Firebase project in this directory:

  C:\Users\yaaar\taskbuddyy

[info] 
=== Project Setup
[info] 
[info] First, let's associate this project directory with a Firebase project.
[info] You can create multiple project aliases by running firebase use --add, 
[info] but for now we'll just set up a default project.
[info] 
[info] i  If you want to create a project in a Google Cloud organization or folder, please use "firebase projects:create" instead, and return to this command when you've created the project. 
[debug] [2025-03-23T23:31:09.413Z] Checked if tokens are valid: true, expires at: 1742775534789
[debug] [2025-03-23T23:31:09.413Z] Checked if tokens are valid: true, expires at: 1742775534789
[debug] [2025-03-23T23:31:09.415Z] >>> [apiv2][query] POST https://cloudresourcemanager.googleapis.com/v1/projects [none]
[debug] [2025-03-23T23:31:09.415Z] >>> [apiv2][body] POST https://cloudresourcemanager.googleapis.com/v1/projects {"projectId":"taskbuddy3434","name":"taskbuddy3434"}
[debug] [2025-03-23T23:31:11.020Z] <<< [apiv2][status] POST https://cloudresourcemanager.googleapis.com/v1/projects 200
[debug] [2025-03-23T23:31:11.020Z] <<< [apiv2][body] POST https://cloudresourcemanager.googleapis.com/v1/projects {"name":"operations/create_project.global.6333469478905772650"}
[debug] [2025-03-23T23:31:11.021Z] Checked if tokens are valid: true, expires at: 1742775534789
[debug] [2025-03-23T23:31:11.021Z] Checked if tokens are valid: true, expires at: 1742775534789
[debug] [2025-03-23T23:31:11.022Z] >>> [apiv2][query] GET https://cloudresourcemanager.googleapis.com/v1/operations/create_project.global.6333469478905772650 [none]
[debug] [2025-03-23T23:31:12.263Z] <<< [apiv2][status] GET https://cloudresourcemanager.googleapis.com/v1/operations/create_project.global.6333469478905772650 200
[debug] [2025-03-23T23:31:12.263Z] <<< [apiv2][body] GET https://cloudresourcemanager.googleapis.com/v1/operations/create_project.global.6333469478905772650 {"name":"operations/create_project.global.6333469478905772650","metadata":{"@type":"type.googleapis.com/google.cloudresourcemanager.v1.ProjectCreationStatus","ready":true},"done":true,"error":{"code":9,"message":"Callers must accept Terms of Service","details":[{"@type":"type.googleapis.com/google.rpc.PreconditionFailure","violations":[{"type":"TOS","subject":"cloud","description":"Callers must accept Terms of Service"}]}]}}
[debug] [2025-03-23T23:31:12.437Z] FirebaseError: Callers must accept Terms of Service
    at OperationPoller.poll (C:\Users\yaaar\AppData\Roaming\npm\node_modules\firebase-tools\lib\operation-poller.js:24:19)
    at process.processTicksAndRejections (node:internal/process/task_queues:105:5)
    at async createCloudProject (C:\Users\yaaar\AppData\Roaming\npm\node_modules\firebase-tools\lib\management\projects.js:213:29)
    at async createFirebaseProjectAndLog (C:\Users\yaaar\AppData\Roaming\npm\node_modules\firebase-tools\lib\management\projects.js:71:9)
    at async promptAndCreateNewProject (C:\Users\yaaar\AppData\Roaming\npm\node_modules\firebase-tools\lib\init\features\project.js:32:12)
    at async doSetup (C:\Users\yaaar\AppData\Roaming\npm\node_modules\firebase-tools\lib\init\features\project.js:89:27)
    at async init (C:\Users\yaaar\AppData\Roaming\npm\node_modules\firebase-tools\lib\init\index.js:41:9)
[error] 
[error] Error: Failed to create project. See firebase-debug.log for more info.
